Running main() from /home/santi/Downloads/AyED2-Labo01/tests/gtest-1.8.1/gtest_main.cc
[==========] Running 13 tests from 1 test case.
[----------] Global test environment set-up.
[----------] 13 tests from conjunto_test
[ RUN      ] conjunto_test.conjunto_vacio
[       OK ] conjunto_test.conjunto_vacio (12 ms)
[ RUN      ] conjunto_test.test_insertar_un_valor
[       OK ] conjunto_test.test_insertar_un_valor (4 ms)
[ RUN      ] conjunto_test.test_insertar_cinco_valores
[       OK ] conjunto_test.test_insertar_cinco_valores (5 ms)
[ RUN      ] conjunto_test.test_pertenece
[       OK ] conjunto_test.test_pertenece (5 ms)
[ RUN      ] conjunto_test.test_insertar_remover_un_valor
[       OK ] conjunto_test.test_insertar_remover_un_valor (3 ms)
[ RUN      ] conjunto_test.test_minimo
[       OK ] conjunto_test.test_minimo (4 ms)
[ RUN      ] conjunto_test.test_maximo
[       OK ] conjunto_test.test_maximo (3 ms)
[ RUN      ] conjunto_test.test_remover_caso_un_hijo
[       OK ] conjunto_test.test_remover_caso_un_hijo (3 ms)
[ RUN      ] conjunto_test.test_remover_caso_dos_hijos_simple
[       OK ] conjunto_test.test_remover_caso_dos_hijos_simple (3 ms)
[ RUN      ] conjunto_test.test_remover_caso_dos_hijos_raiz
[       OK ] conjunto_test.test_remover_caso_dos_hijos_raiz (3 ms)
[ RUN      ] conjunto_test.test_remover_caso_dos_hijos_doble
[       OK ] conjunto_test.test_remover_caso_dos_hijos_doble (3 ms)
[ RUN      ] conjunto_test.test_siguiente_inorder
[       OK ] conjunto_test.test_siguiente_inorder (5 ms)
[ RUN      ] conjunto_test.test_stress
[       OK ] conjunto_test.test_stress (53 ms)
[----------] 13 tests from conjunto_test (119 ms total)

[----------] Global test environment tear-down
[==========] 13 tests from 1 test case ran. (167 ms total)
[  PASSED  ] 13 tests.
